This is pdfTeX, Version 3.1415926-2.5-1.40.14 (MiKTeX 2.9) (preloaded format=pdflatex 2014.7.9)  10 JUL 2014 02:22
entering extended mode
**I:/РїСЂР°РєС‚РёРєР°/Latex/latex/latex.tex
(I:/РїСЂР°РєС‚РёРєР°/Latex/latex/latex.tex
LaTeX2e <2011/06/27>
Babel <v3.8m> and hyphenation patterns for english, afrikaans, ancientgreek, ar
abic, armenian, assamese, basque, bengali, bokmal, bulgarian, catalan, coptic, 
croatian, czech, danish, dutch, esperanto, estonian, farsi, finnish, french, ga
lician, german, german-x-2013-05-26, greek, gujarati, hindi, hungarian, iceland
ic, indonesian, interlingua, irish, italian, kannada, kurmanji, latin, latvian,
 lithuanian, malayalam, marathi, mongolian, mongolianlmc, monogreek, ngerman, n
german-x-2013-05-26, nynorsk, oriya, panjabi, pinyin, polish, portuguese, roman
ian, russian, sanskrit, serbian, slovak, slovenian, spanish, swedish, swissgerm
an, tamil, telugu, turkish, turkmen, ukenglish, ukrainian, uppersorbian, usengl
ishmax, welsh, loaded.
("C:\Program Files (x86)\MiKTeX 2.9\tex\latex\base\article.cls"
Document Class: article 2007/10/19 v1.4h Standard LaTeX document class
("C:\Program Files (x86)\MiKTeX 2.9\tex\latex\base\size10.clo"
File: size10.clo 2007/10/19 v1.4h Standard LaTeX file (size option)
)
\c@part=\count79
\c@section=\count80
\c@subsection=\count81
\c@subsubsection=\count82
\c@paragraph=\count83
\c@subparagraph=\count84
\c@figure=\count85
\c@table=\count86
\abovecaptionskip=\skip41
\belowcaptionskip=\skip42
\bibindent=\dimen102
)
("C:\Program Files (x86)\MiKTeX 2.9\tex\latex\base\inputenc.sty"
Package: inputenc 2008/03/30 v1.1d Input encoding file
\inpenc@prehook=\toks14
\inpenc@posthook=\toks15

("C:\Program Files (x86)\MiKTeX 2.9\tex\latex\base\UTF8.def"
File: utf8.def 2008/04/05 v1.1m UTF-8 support for inputenc
Now handling font encoding OML ...
... no UTF-8 mapping file for font encoding OML
Now handling font encoding T1 ...
... processing UTF-8 mapping file for font encoding T1

("C:\Program Files (x86)\MiKTeX 2.9\tex\latex\base\t1enc.dfu"
File: t1enc.dfu 2008/04/05 v1.1m UTF-8 support for inputenc
   defining Unicode char U+00A1 (decimal 161)
   defining Unicode char U+00A3 (decimal 163)
   defining Unicode char U+00AB (decimal 171)
   defining Unicode char U+00BB (decimal 187)
   defining Unicode char U+00BF (decimal 191)
   defining Unicode char U+00C0 (decimal 192)
   defining Unicode char U+00C1 (decimal 193)
   defining Unicode char U+00C2 (decimal 194)
   defining Unicode char U+00C3 (decimal 195)
   defining Unicode char U+00C4 (decimal 196)
   defining Unicode char U+00C5 (decimal 197)
   defining Unicode char U+00C6 (decimal 198)
   defining Unicode char U+00C7 (decimal 199)
   defining Unicode char U+00C8 (decimal 200)
   defining Unicode char U+00C9 (decimal 201)
   defining Unicode char U+00CA (decimal 202)
   defining Unicode char U+00CB (decimal 203)
   defining Unicode char U+00CC (decimal 204)
   defining Unicode char U+00CD (decimal 205)
   defining Unicode char U+00CE (decimal 206)
   defining Unicode char U+00CF (decimal 207)
   defining Unicode char U+00D0 (decimal 208)
   defining Unicode char U+00D1 (decimal 209)
   defining Unicode char U+00D2 (decimal 210)
   defining Unicode char U+00D3 (decimal 211)
   defining Unicode char U+00D4 (decimal 212)
   defining Unicode char U+00D5 (decimal 213)
   defining Unicode char U+00D6 (decimal 214)
   defining Unicode char U+00D8 (decimal 216)
   defining Unicode char U+00D9 (decimal 217)
   defining Unicode char U+00DA (decimal 218)
   defining Unicode char U+00DB (decimal 219)
   defining Unicode char U+00DC (decimal 220)
   defining Unicode char U+00DD (decimal 221)
   defining Unicode char U+00DE (decimal 222)
   defining Unicode char U+00DF (decimal 223)
   defining Unicode char U+00E0 (decimal 224)
   defining Unicode char U+00E1 (decimal 225)
   defining Unicode char U+00E2 (decimal 226)
   defining Unicode char U+00E3 (decimal 227)
   defining Unicode char U+00E4 (decimal 228)
   defining Unicode char U+00E5 (decimal 229)
   defining Unicode char U+00E6 (decimal 230)
   defining Unicode char U+00E7 (decimal 231)
   defining Unicode char U+00E8 (decimal 232)
   defining Unicode char U+00E9 (decimal 233)
   defining Unicode char U+00EA (decimal 234)
   defining Unicode char U+00EB (decimal 235)
   defining Unicode char U+00EC (decimal 236)
   defining Unicode char U+00ED (decimal 237)
   defining Unicode char U+00EE (decimal 238)
   defining Unicode char U+00EF (decimal 239)
   defining Unicode char U+00F0 (decimal 240)
   defining Unicode char U+00F1 (decimal 241)
   defining Unicode char U+00F2 (decimal 242)
   defining Unicode char U+00F3 (decimal 243)
   defining Unicode char U+00F4 (decimal 244)
   defining Unicode char U+00F5 (decimal 245)
   defining Unicode char U+00F6 (decimal 246)
   defining Unicode char U+00F8 (decimal 248)
   defining Unicode char U+00F9 (decimal 249)
   defining Unicode char U+00FA (decimal 250)
   defining Unicode char U+00FB (decimal 251)
   defining Unicode char U+00FC (decimal 252)
   defining Unicode char U+00FD (decimal 253)
   defining Unicode char U+00FE (decimal 254)
   defining Unicode char U+00FF (decimal 255)
   defining Unicode char U+0102 (decimal 258)
   defining Unicode char U+0103 (decimal 259)
   defining Unicode char U+0104 (decimal 260)
   defining Unicode char U+0105 (decimal 261)
   defining Unicode char U+0106 (decimal 262)
   defining Unicode char U+0107 (decimal 263)
   defining Unicode char U+010C (decimal 268)
   defining Unicode char U+010D (decimal 269)
   defining Unicode char U+010E (decimal 270)
   defining Unicode char U+010F (decimal 271)
   defining Unicode char U+0110 (decimal 272)
   defining Unicode char U+0111 (decimal 273)
   defining Unicode char U+0118 (decimal 280)
   defining Unicode char U+0119 (decimal 281)
   defining Unicode char U+011A (decimal 282)
   defining Unicode char U+011B (decimal 283)
   defining Unicode char U+011E (decimal 286)
   defining Unicode char U+011F (decimal 287)
   defining Unicode char U+0130 (decimal 304)
   defining Unicode char U+0131 (decimal 305)
   defining Unicode char U+0132 (decimal 306)
   defining Unicode char U+0133 (decimal 307)
   defining Unicode char U+0139 (decimal 313)
   defining Unicode char U+013A (decimal 314)
   defining Unicode char U+013D (decimal 317)
   defining Unicode char U+013E (decimal 318)
   defining Unicode char U+0141 (decimal 321)
   defining Unicode char U+0142 (decimal 322)
   defining Unicode char U+0143 (decimal 323)
   defining Unicode char U+0144 (decimal 324)
   defining Unicode char U+0147 (decimal 327)
   defining Unicode char U+0148 (decimal 328)
   defining Unicode char U+014A (decimal 330)
   defining Unicode char U+014B (decimal 331)
   defining Unicode char U+0150 (decimal 336)
   defining Unicode char U+0151 (decimal 337)
   defining Unicode char U+0152 (decimal 338)
   defining Unicode char U+0153 (decimal 339)
   defining Unicode char U+0154 (decimal 340)
   defining Unicode char U+0155 (decimal 341)
   defining Unicode char U+0158 (decimal 344)
   defining Unicode char U+0159 (decimal 345)
   defining Unicode char U+015A (decimal 346)
   defining Unicode char U+015B (decimal 347)
   defining Unicode char U+015E (decimal 350)
   defining Unicode char U+015F (decimal 351)
   defining Unicode char U+0160 (decimal 352)
   defining Unicode char U+0161 (decimal 353)
   defining Unicode char U+0162 (decimal 354)
   defining Unicode char U+0163 (decimal 355)
   defining Unicode char U+0164 (decimal 356)
   defining Unicode char U+0165 (decimal 357)
   defining Unicode char U+016E (decimal 366)
   defining Unicode char U+016F (decimal 367)
   defining Unicode char U+0170 (decimal 368)
   defining Unicode char U+0171 (decimal 369)
   defining Unicode char U+0178 (decimal 376)
   defining Unicode char U+0179 (decimal 377)
   defining Unicode char U+017A (decimal 378)
   defining Unicode char U+017B (decimal 379)
   defining Unicode char U+017C (decimal 380)
   defining Unicode char U+017D (decimal 381)
   defining Unicode char U+017E (decimal 382)
   defining Unicode char U+200C (decimal 8204)
   defining Unicode char U+2013 (decimal 8211)
   defining Unicode char U+2014 (decimal 8212)
   defining Unicode char U+2018 (decimal 8216)
   defining Unicode char U+2019 (decimal 8217)
   defining Unicode char U+201A (decimal 8218)
   defining Unicode char U+201C (decimal 8220)
   defining Unicode char U+201D (decimal 8221)
   defining Unicode char U+201E (decimal 8222)
   defining Unicode char U+2030 (decimal 8240)
   defining Unicode char U+2031 (decimal 8241)
   defining Unicode char U+2039 (decimal 8249)
   defining Unicode char U+203A (decimal 8250)
   defining Unicode char U+2423 (decimal 9251)
)
Now handling font encoding OT1 ...
... processing UTF-8 mapping file for font encoding OT1

("C:\Program Files (x86)\MiKTeX 2.9\tex\latex\base\ot1enc.dfu"
File: ot1enc.dfu 2008/04/05 v1.1m UTF-8 support for inputenc
   defining Unicode char U+00A1 (decimal 161)
   defining Unicode char U+00A3 (decimal 163)
   defining Unicode char U+00B8 (decimal 184)
   defining Unicode char U+00BF (decimal 191)
   defining Unicode char U+00C5 (decimal 197)
   defining Unicode char U+00C6 (decimal 198)
   defining Unicode char U+00D8 (decimal 216)
   defining Unicode char U+00DF (decimal 223)
   defining Unicode char U+00E6 (decimal 230)
   defining Unicode char U+00EC (decimal 236)
   defining Unicode char U+00ED (decimal 237)
   defining Unicode char U+00EE (decimal 238)
   defining Unicode char U+00EF (decimal 239)
   defining Unicode char U+00F8 (decimal 248)
   defining Unicode char U+0131 (decimal 305)
   defining Unicode char U+0141 (decimal 321)
   defining Unicode char U+0142 (decimal 322)
   defining Unicode char U+0152 (decimal 338)
   defining Unicode char U+0153 (decimal 339)
   defining Unicode char U+2013 (decimal 8211)
   defining Unicode char U+2014 (decimal 8212)
   defining Unicode char U+2018 (decimal 8216)
   defining Unicode char U+2019 (decimal 8217)
   defining Unicode char U+201C (decimal 8220)
   defining Unicode char U+201D (decimal 8221)
)
Now handling font encoding OMS ...
... processing UTF-8 mapping file for font encoding OMS

("C:\Program Files (x86)\MiKTeX 2.9\tex\latex\base\omsenc.dfu"
File: omsenc.dfu 2008/04/05 v1.1m UTF-8 support for inputenc
   defining Unicode char U+00A7 (decimal 167)
   defining Unicode char U+00B6 (decimal 182)
   defining Unicode char U+00B7 (decimal 183)
   defining Unicode char U+2020 (decimal 8224)
   defining Unicode char U+2021 (decimal 8225)
   defining Unicode char U+2022 (decimal 8226)
)
Now handling font encoding OMX ...
... no UTF-8 mapping file for font encoding OMX
Now handling font encoding U ...
... no UTF-8 mapping file for font encoding U
   defining Unicode char U+00A9 (decimal 169)
   defining Unicode char U+00AA (decimal 170)
   defining Unicode char U+00AE (decimal 174)
   defining Unicode char U+00BA (decimal 186)
   defining Unicode char U+02C6 (decimal 710)
   defining Unicode char U+02DC (decimal 732)
   defining Unicode char U+200C (decimal 8204)
   defining Unicode char U+2026 (decimal 8230)
   defining Unicode char U+2122 (decimal 8482)
   defining Unicode char U+2423 (decimal 9251)
))
("C:\Program Files (x86)\MiKTeX 2.9\tex\latex\base\fontenc.sty"
Package: fontenc 2005/09/27 v1.99g Standard LaTeX package

("C:\Program Files (x86)\MiKTeX 2.9\tex\latex\cyrillic\t2aenc.def"
File: t2aenc.def 2005/09/27 v1.0i Cyrillic encoding definition file
Now handling font encoding T2A ...
... processing UTF-8 mapping file for font encoding T2A

("C:\Program Files (x86)\MiKTeX 2.9\tex\latex\base\t2aenc.dfu"
File: t2aenc.dfu 2008/04/05 v1.1m UTF-8 support for inputenc
   defining Unicode char U+00A4 (decimal 164)
   defining Unicode char U+00A7 (decimal 167)
   defining Unicode char U+00AB (decimal 171)
   defining Unicode char U+00BB (decimal 187)
   defining Unicode char U+0131 (decimal 305)
   defining Unicode char U+0400 (decimal 1024)
   defining Unicode char U+0401 (decimal 1025)
   defining Unicode char U+0402 (decimal 1026)
   defining Unicode char U+0403 (decimal 1027)
   defining Unicode char U+0404 (decimal 1028)
   defining Unicode char U+0405 (decimal 1029)
   defining Unicode char U+0406 (decimal 1030)
   defining Unicode char U+0407 (decimal 1031)
   defining Unicode char U+0408 (decimal 1032)
   defining Unicode char U+0409 (decimal 1033)
   defining Unicode char U+040A (decimal 1034)
   defining Unicode char U+040B (decimal 1035)
   defining Unicode char U+040C (decimal 1036)
   defining Unicode char U+040D (decimal 1037)
   defining Unicode char U+040E (decimal 1038)
   defining Unicode char U+040F (decimal 1039)
   defining Unicode char U+0410 (decimal 1040)
   defining Unicode char U+0411 (decimal 1041)
   defining Unicode char U+0412 (decimal 1042)
   defining Unicode char U+0413 (decimal 1043)
   defining Unicode char U+0414 (decimal 1044)
   defining Unicode char U+0415 (decimal 1045)
   defining Unicode char U+0416 (decimal 1046)
   defining Unicode char U+0417 (decimal 1047)
   defining Unicode char U+0418 (decimal 1048)
   defining Unicode char U+0419 (decimal 1049)
   defining Unicode char U+041A (decimal 1050)
   defining Unicode char U+041B (decimal 1051)
   defining Unicode char U+041C (decimal 1052)
   defining Unicode char U+041D (decimal 1053)
   defining Unicode char U+041E (decimal 1054)
   defining Unicode char U+041F (decimal 1055)
   defining Unicode char U+0420 (decimal 1056)
   defining Unicode char U+0421 (decimal 1057)
   defining Unicode char U+0422 (decimal 1058)
   defining Unicode char U+0423 (decimal 1059)
   defining Unicode char U+0424 (decimal 1060)
   defining Unicode char U+0425 (decimal 1061)
   defining Unicode char U+0426 (decimal 1062)
   defining Unicode char U+0427 (decimal 1063)
   defining Unicode char U+0428 (decimal 1064)
   defining Unicode char U+0429 (decimal 1065)
   defining Unicode char U+042A (decimal 1066)
   defining Unicode char U+042B (decimal 1067)
   defining Unicode char U+042C (decimal 1068)
   defining Unicode char U+042D (decimal 1069)
   defining Unicode char U+042E (decimal 1070)
   defining Unicode char U+042F (decimal 1071)
   defining Unicode char U+0430 (decimal 1072)
   defining Unicode char U+0431 (decimal 1073)
   defining Unicode char U+0432 (decimal 1074)
   defining Unicode char U+0433 (decimal 1075)
   defining Unicode char U+0434 (decimal 1076)
   defining Unicode char U+0435 (decimal 1077)
   defining Unicode char U+0436 (decimal 1078)
   defining Unicode char U+0437 (decimal 1079)
   defining Unicode char U+0438 (decimal 1080)
   defining Unicode char U+0439 (decimal 1081)
   defining Unicode char U+043A (decimal 1082)
   defining Unicode char U+043B (decimal 1083)
   defining Unicode char U+043C (decimal 1084)
   defining Unicode char U+043D (decimal 1085)
   defining Unicode char U+043E (decimal 1086)
   defining Unicode char U+043F (decimal 1087)
   defining Unicode char U+0440 (decimal 1088)
   defining Unicode char U+0441 (decimal 1089)
   defining Unicode char U+0442 (decimal 1090)
   defining Unicode char U+0443 (decimal 1091)
   defining Unicode char U+0444 (decimal 1092)
   defining Unicode char U+0445 (decimal 1093)
   defining Unicode char U+0446 (decimal 1094)
   defining Unicode char U+0447 (decimal 1095)
   defining Unicode char U+0448 (decimal 1096)
   defining Unicode char U+0449 (decimal 1097)
   defining Unicode char U+044A (decimal 1098)
   defining Unicode char U+044B (decimal 1099)
   defining Unicode char U+044C (decimal 1100)
   defining Unicode char U+044D (decimal 1101)
   defining Unicode char U+044E (decimal 1102)
   defining Unicode char U+044F (decimal 1103)
   defining Unicode char U+0450 (decimal 1104)
   defining Unicode char U+0451 (decimal 1105)
   defining Unicode char U+0452 (decimal 1106)
   defining Unicode char U+0453 (decimal 1107)
   defining Unicode char U+0454 (decimal 1108)
   defining Unicode char U+0455 (decimal 1109)
   defining Unicode char U+0456 (decimal 1110)
   defining Unicode char U+0457 (decimal 1111)
   defining Unicode char U+0458 (decimal 1112)
   defining Unicode char U+0459 (decimal 1113)
   defining Unicode char U+045A (decimal 1114)
   defining Unicode char U+045B (decimal 1115)
   defining Unicode char U+045C (decimal 1116)
   defining Unicode char U+045D (decimal 1117)
   defining Unicode char U+045E (decimal 1118)
   defining Unicode char U+045F (decimal 1119)
   defining Unicode char U+0490 (decimal 1168)
   defining Unicode char U+0491 (decimal 1169)
   defining Unicode char U+0492 (decimal 1170)
   defining Unicode char U+0493 (decimal 1171)
   defining Unicode char U+0496 (decimal 1174)
   defining Unicode char U+0497 (decimal 1175)
   defining Unicode char U+0498 (decimal 1176)
   defining Unicode char U+0499 (decimal 1177)
   defining Unicode char U+049A (decimal 1178)
   defining Unicode char U+049B (decimal 1179)
   defining Unicode char U+049C (decimal 1180)
   defining Unicode char U+049D (decimal 1181)
   defining Unicode char U+04A0 (decimal 1184)
   defining Unicode char U+04A1 (decimal 1185)
   defining Unicode char U+04A2 (decimal 1186)
   defining Unicode char U+04A3 (decimal 1187)
   defining Unicode char U+04A4 (decimal 1188)
   defining Unicode char U+04A5 (decimal 1189)
   defining Unicode char U+04AA (decimal 1194)
   defining Unicode char U+04AB (decimal 1195)
   defining Unicode char U+04AE (decimal 1198)
   defining Unicode char U+04AF (decimal 1199)
   defining Unicode char U+04B0 (decimal 1200)
   defining Unicode char U+04B1 (decimal 1201)
   defining Unicode char U+04B2 (decimal 1202)
   defining Unicode char U+04B3 (decimal 1203)
   defining Unicode char U+04B6 (decimal 1206)
   defining Unicode char U+04B7 (decimal 1207)
   defining Unicode char U+04B8 (decimal 1208)
   defining Unicode char U+04B9 (decimal 1209)
   defining Unicode char U+04BA (decimal 1210)
   defining Unicode char U+04BB (decimal 1211)
   defining Unicode char U+04C0 (decimal 1216)
   defining Unicode char U+04C1 (decimal 1217)
   defining Unicode char U+04C2 (decimal 1218)
   defining Unicode char U+04D0 (decimal 1232)
   defining Unicode char U+04D1 (decimal 1233)
   defining Unicode char U+04D2 (decimal 1234)
   defining Unicode char U+04D3 (decimal 1235)
   defining Unicode char U+04D4 (decimal 1236)
   defining Unicode char U+04D5 (decimal 1237)
   defining Unicode char U+04D6 (decimal 1238)
   defining Unicode char U+04D7 (decimal 1239)
   defining Unicode char U+04D8 (decimal 1240)
   defining Unicode char U+04D9 (decimal 1241)
   defining Unicode char U+04DA (decimal 1242)
   defining Unicode char U+04DB (decimal 1243)
   defining Unicode char U+04DC (decimal 1244)
   defining Unicode char U+04DD (decimal 1245)
   defining Unicode char U+04DE (decimal 1246)
   defining Unicode char U+04DF (decimal 1247)
   defining Unicode char U+04E2 (decimal 1250)
   defining Unicode char U+04E3 (decimal 1251)
   defining Unicode char U+04E4 (decimal 1252)
   defining Unicode char U+04E5 (decimal 1253)
   defining Unicode char U+04E6 (decimal 1254)
   defining Unicode char U+04E7 (decimal 1255)
   defining Unicode char U+04E8 (decimal 1256)
   defining Unicode char U+04E9 (decimal 1257)
   defining Unicode char U+04EC (decimal 1260)
   defining Unicode char U+04ED (decimal 1261)
   defining Unicode char U+04EE (decimal 1262)
   defining Unicode char U+04EF (decimal 1263)
   defining Unicode char U+04F0 (decimal 1264)
   defining Unicode char U+04F1 (decimal 1265)
   defining Unicode char U+04F2 (decimal 1266)
   defining Unicode char U+04F3 (decimal 1267)
   defining Unicode char U+04F4 (decimal 1268)
   defining Unicode char U+04F5 (decimal 1269)
   defining Unicode char U+04F8 (decimal 1272)
   defining Unicode char U+04F9 (decimal 1273)
   defining Unicode char U+200C (decimal 8204)
   defining Unicode char U+2013 (decimal 8211)
   defining Unicode char U+2014 (decimal 8212)
   defining Unicode char U+2018 (decimal 8216)
   defining Unicode char U+2019 (decimal 8217)
   defining Unicode char U+201C (decimal 8220)
   defining Unicode char U+201D (decimal 8221)
   defining Unicode char U+201E (decimal 8222)
   defining Unicode char U+2030 (decimal 8240)
   defining Unicode char U+2031 (decimal 8241)
   defining Unicode char U+2116 (decimal 8470)
   defining Unicode char U+2329 (decimal 9001)
   defining Unicode char U+232A (decimal 9002)
   defining Unicode char U+2423 (decimal 9251)
))
LaTeX Font Info:    Try loading font information for T2A+cmr on input line 100.


("C:\Program Files (x86)\MiKTeX 2.9\tex\latex\cyrillic\t2acmr.fd"
File: t2acmr.fd 2001/08/11 v1.0a Computer Modern Cyrillic font definitions
))
("C:\Program Files (x86)\MiKTeX 2.9\tex\generic\babel\babel.sty"
Package: babel 2008/07/08 v3.8m The Babel package

*************************************
* Local config file bblopts.cfg used
*
("C:\Program Files (x86)\MiKTeX 2.9\tex\latex\00miktex\bblopts.cfg"
File: bblopts.cfg 2006/07/31 v1.0 MiKTeX 'babel' configuration
)
("C:\Program Files (x86)\MiKTeX 2.9\tex\generic\babel\english.ldf"
Language: english 2005/03/30 v3.3o English support from the babel system

("C:\Program Files (x86)\MiKTeX 2.9\tex\generic\babel\babel.def"
File: babel.def 2008/07/08 v3.8m Babel common definitions
\babel@savecnt=\count87
\U@D=\dimen103
)
\l@canadian = a dialect from \language\l@american 
\l@australian = a dialect from \language\l@british 
\l@newzealand = a dialect from \language\l@british 
)
("C:\Program Files (x86)\MiKTeX 2.9\tex\generic\babel\russianb.ldf"
Language: russianb 2008/03/21 v1.1r Russian support from the babel system
Package babel Info: Making " an active character on input line 199.
))
("C:\Program Files (x86)\MiKTeX 2.9\tex\latex\amsfonts\amssymb.sty"
Package: amssymb 2013/01/14 v3.01 AMS font symbols

("C:\Program Files (x86)\MiKTeX 2.9\tex\latex\amsfonts\amsfonts.sty"
Package: amsfonts 2013/01/14 v3.01 Basic AMSFonts support
\@emptytoks=\toks16
\symAMSa=\mathgroup4
\symAMSb=\mathgroup5
LaTeX Font Info:    Overwriting math alphabet `\mathfrak' in version `bold'
(Font)                  U/euf/m/n --> U/euf/b/n on input line 106.
))
("C:\Program Files (x86)\MiKTeX 2.9\tex\latex\base\latexsym.sty"
Package: latexsym 1998/08/17 v2.2e Standard LaTeX package (lasy symbols)
\symlasy=\mathgroup6
LaTeX Font Info:    Overwriting symbol font `lasy' in version `bold'
(Font)                  U/lasy/m/n --> U/lasy/b/n on input line 47.
)
("C:\Program Files (x86)\MiKTeX 2.9\tex\latex\amsmath\amsmath.sty"
Package: amsmath 2013/01/14 v2.14 AMS math features
\@mathmargin=\skip43

For additional information on amsmath, use the `?' option.
("C:\Program Files (x86)\MiKTeX 2.9\tex\latex\amsmath\amstext.sty"
Package: amstext 2000/06/29 v2.01

("C:\Program Files (x86)\MiKTeX 2.9\tex\latex\amsmath\amsgen.sty"
File: amsgen.sty 1999/11/30 v2.0
\@emptytoks=\toks17
\ex@=\dimen104
))
("C:\Program Files (x86)\MiKTeX 2.9\tex\latex\amsmath\amsbsy.sty"
Package: amsbsy 1999/11/29 v1.2d
\pmbraise@=\dimen105
)
("C:\Program Files (x86)\MiKTeX 2.9\tex\latex\amsmath\amsopn.sty"
Package: amsopn 1999/12/14 v2.01 operator names
)
\inf@bad=\count88
LaTeX Info: Redefining \frac on input line 210.
\uproot@=\count89
\leftroot@=\count90
LaTeX Info: Redefining \overline on input line 306.
\classnum@=\count91
\DOTSCASE@=\count92
LaTeX Info: Redefining \ldots on input line 378.
LaTeX Info: Redefining \dots on input line 381.
LaTeX Info: Redefining \cdots on input line 466.
\Mathstrutbox@=\box26
\strutbox@=\box27
\big@size=\dimen106
LaTeX Font Info:    Redeclaring font encoding OML on input line 566.
LaTeX Font Info:    Redeclaring font encoding OMS on input line 567.
\macc@depth=\count93
\c@MaxMatrixCols=\count94
\dotsspace@=\muskip10
\c@parentequation=\count95
\dspbrk@lvl=\count96
\tag@help=\toks18
\row@=\count97
\column@=\count98
\maxfields@=\count99
\andhelp@=\toks19
\eqnshift@=\dimen107
\alignsep@=\dimen108
\tagshift@=\dimen109
\tagwidth@=\dimen110
\totwidth@=\dimen111
\lineht@=\dimen112
\@envbody=\toks20
\multlinegap=\skip44
\multlinetaggap=\skip45
\mathdisplay@stack=\toks21
LaTeX Info: Redefining \[ on input line 2665.
LaTeX Info: Redefining \] on input line 2666.
)
("C:\Program Files (x86)\MiKTeX 2.9\tex\latex\amsmath\amscd.sty"
Package: amscd 1999/11/29 v2.0
\athelp@=\toks22
\minaw@=\dimen113
\bigaw@=\dimen114
\minCDarrowwidth=\dimen115
)
("C:\Program Files (x86)\MiKTeX 2.9\tex\latex\geometry\geometry.sty"
Package: geometry 2010/09/12 v5.6 Page Geometry

("C:\Program Files (x86)\MiKTeX 2.9\tex\latex\graphics\keyval.sty"
Package: keyval 1999/03/16 v1.13 key=value parser (DPC)
\KV@toks@=\toks23
)
("C:\Program Files (x86)\MiKTeX 2.9\tex\generic\oberdiek\ifpdf.sty"
Package: ifpdf 2011/01/30 v2.3 Provides the ifpdf switch (HO)
Package ifpdf Info: pdfTeX in PDF mode is detected.
)
("C:\Program Files (x86)\MiKTeX 2.9\tex\generic\oberdiek\ifvtex.sty"
Package: ifvtex 2010/03/01 v1.5 Detect VTeX and its facilities (HO)
Package ifvtex Info: VTeX not detected.
)
("C:\Program Files (x86)\MiKTeX 2.9\tex\generic\ifxetex\ifxetex.sty"
Package: ifxetex 2010/09/12 v0.6 Provides ifxetex conditional
)
\Gm@cnth=\count100
\Gm@cntv=\count101
\c@Gm@tempcnt=\count102
\Gm@bindingoffset=\dimen116
\Gm@wd@mp=\dimen117
\Gm@odd@mp=\dimen118
\Gm@even@mp=\dimen119
\Gm@layoutwidth=\dimen120
\Gm@layoutheight=\dimen121
\Gm@layouthoffset=\dimen122
\Gm@layoutvoffset=\dimen123
\Gm@dimlist=\toks24

("C:\Program Files (x86)\MiKTeX 2.9\tex\latex\geometry\geometry.cfg"))
("C:\Program Files (x86)\MiKTeX 2.9\tex\latex\tools\indentfirst.sty"
Package: indentfirst 1995/11/23 v1.03 Indent first paragraph (DPC)
)
("C:\Program Files (x86)\MiKTeX 2.9\tex\latex\ms\ragged2e.sty"
Package: ragged2e 2009/05/21 v2.1 ragged2e Package (MS)

("C:\Program Files (x86)\MiKTeX 2.9\tex\latex\ms\everysel.sty"
Package: everysel 2011/10/28 v1.2 EverySelectfont Package (MS)
)
\CenteringLeftskip=\skip46
\RaggedLeftLeftskip=\skip47
\RaggedRightLeftskip=\skip48
\CenteringRightskip=\skip49
\RaggedLeftRightskip=\skip50
\RaggedRightRightskip=\skip51
\CenteringParfillskip=\skip52
\RaggedLeftParfillskip=\skip53
\RaggedRightParfillskip=\skip54
\JustifyingParfillskip=\skip55
\CenteringParindent=\skip56
\RaggedLeftParindent=\skip57
\RaggedRightParindent=\skip58
\JustifyingParindent=\skip59
)
(I:\РїСЂР°РєС‚РёРєР°\Latex\latex\latex.aux)
LaTeX Font Info:    Checking defaults for OML/cmm/m/it on input line 17.
LaTeX Font Info:    ... okay on input line 17.
LaTeX Font Info:    Checking defaults for T1/cmr/m/n on input line 17.
LaTeX Font Info:    ... okay on input line 17.
LaTeX Font Info:    Checking defaults for OT1/cmr/m/n on input line 17.
LaTeX Font Info:    ... okay on input line 17.
LaTeX Font Info:    Checking defaults for OMS/cmsy/m/n on input line 17.
LaTeX Font Info:    ... okay on input line 17.
LaTeX Font Info:    Checking defaults for OMX/cmex/m/n on input line 17.
LaTeX Font Info:    ... okay on input line 17.
LaTeX Font Info:    Checking defaults for U/cmr/m/n on input line 17.
LaTeX Font Info:    ... okay on input line 17.
LaTeX Font Info:    Checking defaults for T2A/cmr/m/n on input line 17.
LaTeX Font Info:    ... okay on input line 17.

*geometry* driver: auto-detecting
*geometry* detected driver: pdftex
*geometry* verbose mode - [ preamble ] result:
* driver: pdftex
* paper: <default>
* layout: <same size as paper>
* layoutoffset:(h,v)=(0.0pt,0.0pt)
* modes: 
* h-part:(L,W,R)=(85.35826pt, 486.25761pt, 42.67912pt)
* v-part:(T,H,B)=(56.9055pt, 681.15898pt, 56.9055pt)
* \paperwidth=614.295pt
* \paperheight=794.96999pt
* \textwidth=486.25761pt
* \textheight=681.15898pt
* \oddsidemargin=13.08827pt
* \evensidemargin=13.08827pt
* \topmargin=-52.36449pt
* \headheight=12.0pt
* \headsep=25.0pt
* \topskip=10.0pt
* \footskip=30.0pt
* \marginparwidth=65.0pt
* \marginparsep=11.0pt
* \columnsep=10.0pt
* \skip\footins=9.0pt plus 4.0pt minus 2.0pt
* \hoffset=0.0pt
* \voffset=0.0pt
* \mag=1000
* \@twocolumnfalse
* \@twosidefalse
* \@mparswitchfalse
* \@reversemarginfalse
* (1in=72.27pt=25.4mm, 1cm=28.453pt)

ABD: EverySelectfont initializing macros
LaTeX Info: Redefining \selectfont on input line 17.
LaTeX Font Info:    Try loading font information for U+msa on input line 19.

("C:\Program Files (x86)\MiKTeX 2.9\tex\latex\amsfonts\umsa.fd"
File: umsa.fd 2013/01/14 v3.01 AMS symbols A
)
LaTeX Font Info:    Try loading font information for U+msb on input line 19.

("C:\Program Files (x86)\MiKTeX 2.9\tex\latex\amsfonts\umsb.fd"
File: umsb.fd 2013/01/14 v3.01 AMS symbols B
)
LaTeX Font Info:    Try loading font information for U+lasy on input line 19.

("C:\Program Files (x86)\MiKTeX 2.9\tex\latex\base\ulasy.fd"
File: ulasy.fd 1998/08/17 v2.2e LaTeX symbol font definitions
)
Underfull \hbox (badness 1371) in paragraph at lines 24--25
\T2A/cmr/m/n/9 сказано, что Бог со-тво-рил Еву из реб-ра Ада-ма.
 []


Underfull \hbox (badness 6332) in paragraph at lines 24--25
\T2A/cmr/m/n/9 Такая опе-ра-ция мо-жет быть про-ве-де-на толь-ко
 []


Underfull \hbox (badness 1320) in paragraph at lines 24--25
\T2A/cmr/m/n/9 хирургом, по-это-му я по пра-ву мо-гу утвер-ждать,
 []


Underfull \hbox (badness 1270) in paragraph at lines 24--25
\T2A/cmr/m/n/9 что моя про-фес-сия са-мая древ-няя в ми-ре". Тут
 []


Underfull \hbox (badness 2351) in paragraph at lines 24--25
\T2A/cmr/m/n/9 небо и зем-лю. Это бы-ло пер-вое и, несо-мнен-но,
 []


Underfull \hbox (badness 10000) in paragraph at lines 24--25
\T2A/cmr/m/n/9 наиболее вы-да-ю-ще-е-ся стро-и-тель-ство. По-это-му,
 []


Underfull \hbox (badness 4543) in paragraph at lines 24--25
\T2A/cmr/m/n/9 дорогой док-тор, вы не пра-вы. Моя про-фес-сия
 []


Underfull \hbox (badness 10000) in paragraph at lines 24--25
\T2A/cmr/m/n/9 словах от-ки-ну-лась в крес-ле и с улыб-кой
 []


Underfull \hbox (badness 10000) in paragraph at lines 24--25
\T2A/cmr/m/n/9 произнесла: "А кто же по-вашему со-тво-рил
 []


Underfull \hbox (badness 2990) in paragraph at lines 30--31
[]\T2A/cmr/m/n/10 Звезда в пред-две-рии кол-лап-са; ре-бе-нок, ко-то-рый учит-с
я чи-тать; клет-ки кро-ви, ата-ку-ю-щие
 []


Underfull \hbox (badness 10000) in paragraph at lines 30--31
\T2A/cmr/m/n/10 вирус, - это толь-ко неко-то-рые из по-тря-са-ю-ще слож-ных объ
-ек-тов фи-зи-че-ско-го ми-ра.
 []


Underfull \hbox (badness 3449) in paragraph at lines 30--31
\T2A/cmr/m/n/10 Компьютерные про-грам-мы то-же бы-ва-ют слож-ны-ми, од-на-ко их
 слож-ность со-вер-шен-но дру-го-го
 []


Underfull \hbox (badness 10000) in paragraph at lines 30--31
\T2A/cmr/m/n/10 рода. Брукс пи-шет: "Эйн-штейн утвер-ждал, что долж-ны су-ще-ст
во-вать про-стые объ-яс-не-ния
 []


Underfull \hbox (badness 5985) in paragraph at lines 32--33
[]\T2A/cmr/m/n/10 Мы зна-ем, что не все про-грамм-ные си-сте-мы слож-ны. Су-ще-
ству-ет мно-же-ство про-грамм,
 []


Underfull \hbox (badness 6461) in paragraph at lines 32--33
\T2A/cmr/m/n/10 которые за-ду-мы-ва-ют-ся, раз-ра-ба-ты-ва-ют-ся, со-про-вож-да
-ют-ся и ис-поль-зу-ют-ся од-ним и тем же
 []


Underfull \hbox (badness 1888) in paragraph at lines 32--33
\T2A/cmr/m/n/10 человеком. Обыч-но это на-чи-на-ю-щий про-грам-мист или про-фес
-си-о-нал, ра-бо-та-ю-щий изо-ли-ро-ван-но.
 []


Underfull \hbox (badness 3148) in paragraph at lines 32--33
\T2A/cmr/m/n/10 Мы не хо-тим ска-зать, что все та-кие си-сте-мы пло-хо сде-ла-н
ы или, тем бо-лее, усо-мнить-ся в
 []


Underfull \hbox (badness 1755) in paragraph at lines 32--33
\T2A/cmr/m/n/10 использовать, пе-ре-де-лы-вать или рас-ши-рять. Раз-ра-бот-ка п
о-доб-ных про-грамм ско-рее уто-ми-тель-на,
 []


Underfull \hbox (badness 5064) in paragraph at lines 34--35
[]\T2A/cmr/m/n/10 Нас ин-те-ре-су-ет раз-ра-бот-ка то-го, что мы бу-дем на-зы-в
ать про-мыш-лен-ны-ми про-грамм-ны-ми
 []


Underfull \hbox (badness 2452) in paragraph at lines 34--35
\T2A/cmr/m/n/10 которых ре-сур-сы вре-ме-ни и па-мя-ти огра-ни-че-ны; за-да-чи 
под-дер-жа-ния це-лост-но-сти ин-фор-ма-ции
 []


Underfull \hbox (badness 1184) in paragraph at lines 34--35
\T2A/cmr/m/n/10 объемом в сот-ни ты-сяч за-пи-сей при па-рал-лель-ном до-сту-пе
 к ней с об-нов-ле-ни-я-ми и за-про-са-ми;
 []


Underfull \hbox (badness 10000) in paragraph at lines 34--35
\T2A/cmr/m/n/10 системы управ-ле-ния и кон-тро-ля за ре-аль-ны-ми про-цес-са-ми
 (на-при-мер, дис-пет-че-ри-за-ция
 []


Underfull \hbox (badness 1147) in paragraph at lines 34--35
\T2A/cmr/m/n/10 воздушного или же-лез-но-до-рож-но-го транс-пор-та). Си-сте-мы 
по-доб-но-го ти-па обыч-но име-ют боль-шое
 []


Underfull \hbox (badness 3746) in paragraph at lines 34--35
\T2A/cmr/m/n/10 функционирования. В ми-ре про-мыш-лен-ных про-грамм мы так-же в
стре-ча-ем сре-ды раз-ра-бот-ки,
 []


Underfull \hbox (badness 10000) in paragraph at lines 34--35
\T2A/cmr/m/n/10 которые упро-ща-ют со-зда-ние при-ло-же-ний в кон-крет-ных об-л
а-стях, и про-грам-мы, ко-то-рые
 []


Underfull \hbox (badness 10000) in paragraph at lines 36--37
[]\T2A/cmr/m/n/10 Существенная чер-та про-мыш-лен-ной про-грам-мы - уро-вень сл
ож-но-сти: один раз-ра-бот-чик
 []


Underfull \hbox (badness 4518) in paragraph at lines 36--37
\T2A/cmr/m/n/10 практически не в со-сто-я-нии охва-тить все ас-пек-ты та-кой си
-сте-мы. Гру-бо го-во-ря, слож-ность
 []


Underfull \hbox (badness 1297) in paragraph at lines 36--37
\T2A/cmr/m/n/10 промышленных про-грамм пре-вы-ша-ет воз-мож-но-сти че-ло-ве-че-
ско-го ин-тел-лек-та. Увы, но слож-ность,
 []


Underfull \hbox (badness 4024) in paragraph at lines 36--37
\T2A/cmr/m/n/10 о ко-то-рой мы го-во-рим, по-видимому, при-су-ща всем боль-шим 
про-грамм-ных си-сте-мам. Го-во-ря
 []


Underfull \hbox (badness 2065) in paragraph at lines 36--37
\T2A/cmr/m/n/10 "присуща мы име-ем в ви-ду, что эта слож-ность здесь неиз-беж-н
а: с ней мож-но спра-вить-ся, но
 []

[1

{C:/ProgramData/MiKTeX/2.9/pdftex/config/pdftex.map}]
Underfull \hbox (badness 1360) in paragraph at lines 38--39
[]\T2A/cmr/m/n/10 Конечно, сре-ди нас все-гда есть ге-нии, ко-то-рые в оди-ноч-
ку мо-гут вы-пол-нить ра-бо-ту груп-пы
 []


Underfull \hbox (badness 2189) in paragraph at lines 38--39
\T2A/cmr/m/n/10 обычных людей-разработчиков и до-бить-ся в сво-ей об-ла-сти усп
е-ха, срав-ни-мо-го с до-сти-же-ни-я-ми
 []


Underfull \hbox (badness 4036) in paragraph at lines 38--39
\T2A/cmr/m/n/10 изобретают но-вые иди-о-мы, ме-ха-низ-мы и ос-нов-ные идеи, ис-
поль-зу-е-мые за-тем при раз-ра-бот-ке
 []


Underfull \hbox (badness 6675) in paragraph at lines 38--39
\T2A/cmr/m/n/10 промышленном про-грам-ми-ро-ва-нии нель-зя по-сто-ян-но по-ла-г
ать-ся на бо-же-ствен-ное вдох-но-ве-ние,
 []


Underfull \hbox (badness 2617) in paragraph at lines 38--39
\T2A/cmr/m/n/10 которое обя-за-тель-но по-мо-жет нам. По-это-му мы долж-ны рас-
смот-реть бо-лее на-деж-ные спо-со-бы
 []


Underfull \hbox (badness 1248) in paragraph at lines 38--39
\T2A/cmr/m/n/10 конструирования слож-ных си-стем. Для луч-ше-го по-ни-ма-ния то
-го, чем мы со-би-ра-ем-ся управ-лять,
 []

LaTeX Font Info:    Try loading font information for OMS+cmr on input line 41.
("C:\Program Files (x86)\MiKTeX 2.9\tex\latex\base\omscmr.fd"
File: omscmr.fd 1999/05/25 v2.5h Standard LaTeX font definitions
)
LaTeX Font Info:    Font shape `OMS/cmr/m/n' in size <10> not available
(Font)              Font shape `OMS/cmsy/m/n' tried instead on input line 41.

Underfull \hbox (badness 10000) in paragraph at lines 46--47
[]\T2A/cmr/m/n/10 Сложность ре-аль-но-го ми-ра. Про-бле-мы, ко-то-рые мы пы-та-
ем-ся ре-шить с по-мо-щью
 []


Underfull \hbox (badness 1831) in paragraph at lines 46--47
\T2A/cmr/m/n/10 программного обес-пе-че-ния, ча-сто неиз-беж-но со-дер-жат слож
-ные эле-мен-ты, а к со-от-вет-ству-ю-щим
 []


Underfull \hbox (badness 10000) in paragraph at lines 46--47
\T2A/cmr/m/n/10 программам предъ-яв-ля-ет-ся мно-же-ство раз-лич-ных, по-рой вз
а-и-мо-ис-клю-ча-ю-щих тре-бо-ва-ний.
 []


Underfull \hbox (badness 10000) in paragraph at lines 46--47
\T2A/cmr/m/n/10 Рассмотрим необ-хо-ди-мые ха-рак-те-ри-сти-ки элек-трон-ной си-
сте-мы мно-го-мо-тор-но-го са-мо-ле-та,
 []


Underfull \hbox (badness 10000) in paragraph at lines 46--47
\T2A/cmr/m/n/10 (часто не фор-му-ли-ру-е-мые яв-но), та-кие как удоб-ство, про-
из-во-ди-тель-ность, сто-и-мость,
 []


Underfull \hbox (badness 10000) in paragraph at lines 46--47
\T2A/cmr/m/n/10 выживаемость и на-деж-ность! Слож-ность за-да-чи и по-рож-да-ет
 ту слож-ность про-грамм-но-го
 []


Underfull \hbox (badness 10000) in paragraph at lines 48--49
[]\T2A/cmr/m/n/10 Эта внеш-няя слож-ность обыч-но воз-ни-ка-ет из-за "несты-ков
-ки"между поль-зо-ва-те-ля-ми
 []


Underfull \hbox (badness 5345) in paragraph at lines 48--49
\T2A/cmr/m/n/10 системы и ее раз-ра-бот-чи-ка-ми: поль-зо-ва-те-ли с тру-дом мо
-гут объ-яс-нить в фор-ме, по-нят-ной
 []


Underfull \hbox (badness 2913) in paragraph at lines 48--49
\T2A/cmr/m/n/10 разработчикам, что на са-мом де-ле нуж-но сде-лать. Бы-ва-ют сл
у-чаи, ко-гда поль-зо-ва-тель лишь
 []


Underfull \hbox (badness 8056) in paragraph at lines 48--49
\T2A/cmr/m/n/10 смутно пред-став-ля-ет, что ему нуж-но от бу-ду-щей про-грамм-н
ой си-сте-мы. Это в ос-нов-ном
 []


Underfull \hbox (badness 1783) in paragraph at lines 48--49
\T2A/cmr/m/n/10 на сущ-ность про-бле-мы, и они де-ла-ют раз-лич-ные вы-во-ды о 
воз-мож-ных пу-тях ее ре-ше-ния. На
 []


Underfull \hbox (badness 10000) in paragraph at lines 48--49
\T2A/cmr/m/n/10 зафиксировать все его тре-бо-ва-ния. Обыч-но они от-ра-же-ны на
 мно-гих стра-ни-цах тек-ста,
 []


Underfull \hbox (badness 10000) in paragraph at lines 48--49
\T2A/cmr/m/n/10 "разбавленных"немногими ри-сун-ка-ми. Та-кие до-ку-мен-ты труд-
но под-да-ют-ся по-ни-ма-нию, они
 []


Underfull \hbox (badness 6348) in paragraph at lines 48--49
\T2A/cmr/m/n/10 открыты для раз-лич-ных ин-тер-пре-та-ций и ча-сто со-дер-жат э
ле-мен-ты, от-но-ся-щи-е-ся ско-рее к
 []


Underfull \hbox (badness 5711) in paragraph at lines 50--51
[]\T2A/cmr/m/n/10 Дополнительные слож-но-сти воз-ни-ка-ют в ре-зуль-та-те из-ме
-не-ний тре-бо-ва-ний к про-грамм-ной
 []


Underfull \hbox (badness 10000) in paragraph at lines 50--51
\T2A/cmr/m/n/10 осуществление про-грамм-но-го про-ек-та ча-сто из-ме-ня-ет про-
бле-му. Рас-смот-ре-ние пер-вых
 []


Underfull \hbox (badness 1603) in paragraph at lines 50--51
\T2A/cmr/m/n/10 результатов - схем, про-то-ти-пов, - и ис-поль-зо-ва-ние си-сте
-мы по-сле то-го, как она раз-ра-бо-та-на и
 []


Underfull \hbox (badness 1852) in paragraph at lines 50--51
\T2A/cmr/m/n/10 установлена, за-став-ля-ют поль-зо-ва-те-лей луч-ше по-нять и о
т-чет-ли-вей сфор-му-ли-ро-вать то, что им
 []


Underfull \hbox (badness 2529) in paragraph at lines 50--51
\T2A/cmr/m/n/10 действительно нуж-но. В то же вре-мя этот про-цесс по-вы-ша-ет 
ква-ли-фи-ка-цию раз-ра-бот-чи-ков в
 []


Underfull \hbox (badness 2495) in paragraph at lines 50--51
\T2A/cmr/m/n/10 предметной об-ла-сти и поз-во-ля-ет им за-да-вать бо-лее осмыс-
лен-ные во-про-сы, ко-то-рые про-яс-ня-ют
 []


Underfull \hbox (badness 1902) in paragraph at lines 52--56
[]\T2A/cmr/m/n/10 Большая про-грамм-ная си-сте-ма - это круп-ное ка-пи-та-ло-вл
о-же-ние, и мы не мо-жем поз-во-лить
 []


Underfull \hbox (badness 3439) in paragraph at lines 52--56
\T2A/cmr/m/n/10 себе вы-ки-ды-вать сде-лан-ное при каж-дом из-ме-не-нии внеш-ни
х тре-бо-ва-ний. Тем не ме-нее да-же
 []


Underfull \hbox (badness 3612) in paragraph at lines 52--56
\T2A/cmr/m/n/10 большие си-сте-мы име-ют тен-ден-цию к эво-лю-ции в про-цес-се 
их ис-поль-зо-ва-ния: сле-до-ва-тель-но,
 []

[2]
Underfull \hbox (badness 10000) in paragraph at lines 59--60
[]\T2A/cmr/m/n/10 Трудности управ-ле-ния про-цес-сом раз-ра-бот-ки. Ос-нов-ная 
за-да-ча раз-ра-бот-чи-ков со-сто-ит в
 []


Underfull \hbox (badness 1715) in paragraph at lines 59--60
\T2A/cmr/m/n/10 создании ил-лю-зии про-сто-ты, в за-щи-те поль-зо-ва-те-лей от 
слож-но-сти опи-сы-ва-е-мо-го пред-ме-та или
 []


Underfull \hbox (badness 1024) in paragraph at lines 59--60
\T2A/cmr/m/n/10 процесса. Раз-мер ис-ход-ных тек-стов про-грамм-ной си-сте-мы о
т-нюдь не вхо-дит в чис-ло ее глав-ных
 []


Underfull \hbox (badness 10000) in paragraph at lines 59--60
\T2A/cmr/m/n/10 достоинств, по-это-му мы ста-ра-ем-ся де-лать ис-ход-ные тек-ст
ы бо-лее ком-пакт-ны-ми, изоб-ре-тая
 []


Underfull \hbox (badness 3623) in paragraph at lines 59--60
\T2A/cmr/m/n/10 необходимости ли-бо со-зда-вать мно-го про-грамм "с ну-ля ли-бо
 пы-тать-ся по-новому ис-поль-зо-вать
 []


Underfull \hbox (badness 1173) in paragraph at lines 59--60
\T2A/cmr/m/n/10 существующие. Все-го 20 лет на-зад про-грам-мы объ-е-мом в неск
оль-ко ты-сяч строк на ас-сем-бле-ре
 []


Underfull \hbox (badness 5022) in paragraph at lines 59--60
\T2A/cmr/m/n/10 выходили за пре-де-лы на-ших воз-мож-но-стей. Се-го-дня обыч-ны
-ми ста-ли про-грамм-ные си-сте-мы,
 []


Underfull \hbox (badness 1303) in paragraph at lines 59--60
\T2A/cmr/m/n/10 размер ко-то-рых ис-чис-ля-ет-ся де-сят-ка-ми ты-сяч или да-же 
мил-ли-о-на-ми строк на язы-ках вы-со-ко-го
 []


Underfull \hbox (badness 1509) in paragraph at lines 59--60
\T2A/cmr/m/n/10 уровня. Ни один че-ло-век ни-ко-гда не смо-жет пол-но-стью по-н
ять та-кую си-сте-му. Да-же ес-ли мы
 []


Underfull \hbox (badness 1436) in paragraph at lines 59--60
\T2A/cmr/m/n/10 правильно раз-ло-жим ее на со-став-ные ча-сти, мы все рав-но по
-лу-чим сот-ни, а ино-гда и ты-ся-чи
 []


Underfull \hbox (badness 1540) in paragraph at lines 59--60
\T2A/cmr/m/n/10 отдельных мо-ду-лей. По-это-му та-кой объ-ем ра-бот по-тре-бу-е
т при-вле-че-ния ко-ман-ды раз-ра-бот-чи-ков,
 []


Underfull \hbox (badness 10000) in paragraph at lines 59--60
\T2A/cmr/m/n/10 значительные труд-но-сти, свя-зан-ные с ор-га-ни-за-ци-ей кол-л
ек-тив-ной раз-ра-бот-ки. Чем боль-ше
 []


Underfull \hbox (badness 4913) in paragraph at lines 59--60
\T2A/cmr/m/n/10 разработчиков, тем слож-нее свя-зи меж-ду ни-ми и тем слож-нее 
ко-ор-ди-на-ция, осо-бен-но ес-ли
 []


Underfull \hbox (badness 2042) in paragraph at lines 59--60
\T2A/cmr/m/n/10 участники ра-бот гео-гра-фи-че-ски уда-ле-ны друг от дру-га, чт
о ти-пич-но в слу-чае очень боль-ших
 []


Underfull \hbox (badness 2735) in paragraph at lines 59--60
\T2A/cmr/m/n/10 проектов. Та-ким об-ра-зом, при кол-лек-тив-ном вы-пол-не-нии п
ро-ек-та глав-ной за-да-чей ру-ко-вод-ства
 []


Underfull \hbox (badness 10000) in paragraph at lines 62--64
[]\T2A/cmr/m/n/10 Гибкость про-грамм-но-го обес-пе-че-ния. До-мо-стро-и-тель-на
я ком-па-ния обыч-но не име-ет
 []


Underfull \hbox (badness 1748) in paragraph at lines 62--64
\T2A/cmr/m/n/10 собственного лес-хо-за, ко-то-рый бы ей по-став-лял лес для пи-
ло-ма-те-ри-а-лов; со-вер-шен-но необыч-но,
 []

[3] [4] [5] (I:\РїСЂР°РєС‚РёРєР°\Latex\latex\latex.aux) ) 
Here is how much of TeX's memory you used:
 3058 strings out of 493921
 36504 string characters out of 3144868
 105573 words of memory out of 3000000
 6292 multiletter control sequences out of 15000+200000
 17090 words of font info for 54 fonts, out of 3000000 for 9000
 841 hyphenation exceptions out of 8191
 27i,5n,26p,3281b,202s stack positions out of 5000i,500n,10000p,200000b,50000s
 <C:\Users\MARISHKA\Ap
pData\Local\MiKTeX\2.9\fonts\pk\ljfour\lh\lh-t2a\dpi600\larm1000.pk> <C:\Users\
MARISHKA\AppData\Local\MiKTeX\2.9\fonts\pk\ljfour\lh\lh-t2a\dpi600\labx1200.pk>
 <C:\Users\MARISHKA\AppData\Local\MiKTeX\2.9\fonts\pk\ljfour\lh\lh-t2a\dpi600\l
abx1440.pk> <C:\Users\MARISHKA\AppData\Local\MiKTeX\2.9\fonts\pk\ljfour\lh\lh-t
2a\dpi600\larm0900.pk> <C:\Users\MARISHKA\AppData\Local\MiKTeX\2.9\fonts\pk\ljf
our\lh\lh-t2a\dpi600\labx1728.pk><C:/Program Files (x86)/MiKTeX 2.9/fonts/type1
/public/amsfonts/cm/cmsy10.pfb>
Output written on latex.pdf (5 pages, 111564 bytes).
PDF statistics:
 282 PDF objects out of 1000 (max. 8388607)
 0 named destinations out of 1000 (max. 500000)
 1 words of extra memory for PDF output out of 10000 (max. 10000000)

